2018-11-08 00:03:40.945  INFO 7388 --- [http-nio-8081-exec-10] com.explordf.service.DaoServer           : Connection properties:
2018-11-08 00:03:40.960  INFO 7388 --- [http-nio-8081-exec-10] com.explordf.service.DaoServer           : Server:  Env: rdf4jServer
2018-11-08 00:03:40.960  INFO 7388 --- [http-nio-8081-exec-10] com.explordf.service.DaoServer           : Name: http://localhost:5820 Env: http://localhost:8080/rdf4j-server
2018-11-08 00:03:40.960  INFO 7388 --- [http-nio-8081-exec-10] com.explordf.service.DaoServer           : Repo:  Env: test
2018-11-08 00:03:40.960  INFO 7388 --- [http-nio-8081-exec-10] com.explordf.service.DaoServer           : Username:  Env: 
2018-11-08 00:03:43.116  INFO 7388 --- [http-nio-8081-exec-10] com.explordf.service.DaoServer           : Password:  Env: 
2018-11-08 00:03:43.144 ERROR 7388 --- [http-nio-8081-exec-10] o.a.c.c.C.[.[.[/].[dispatcherServlet]    : Servlet.service() for servlet [dispatcherServlet] in context with path [] threw exception [Request processing failed; nested exception is java.lang.NullPointerException] with root cause

java.lang.NullPointerException: null
	at com.explordf.service.DaoServer.getDao(DaoServer.java:82) ~[classes/:na]
	at com.explordf.service.QueryService.setDao(QueryService.java:42) ~[classes/:na]
	at com.explordf.controller.ConnectionController.changeConnection(ConnectionController.java:26) ~[classes/:na]
	at sun.reflect.NativeMethodAccessorImpl.invoke0(Native Method) ~[na:1.8.0_181]
	at sun.reflect.NativeMethodAccessorImpl.invoke(NativeMethodAccessorImpl.java:62) ~[na:1.8.0_181]
	at sun.reflect.DelegatingMethodAccessorImpl.invoke(DelegatingMethodAccessorImpl.java:43) ~[na:1.8.0_181]
	at java.lang.reflect.Method.invoke(Method.java:498) ~[na:1.8.0_181]
	at org.springframework.web.method.support.InvocableHandlerMethod.doInvoke(InvocableHandlerMethod.java:209) ~[spring-web-5.0.9.RELEASE.jar:5.0.9.RELEASE]
	at org.springframework.web.method.support.InvocableHandlerMethod.invokeForRequest(InvocableHandlerMethod.java:136) ~[spring-web-5.0.9.RELEASE.jar:5.0.9.RELEASE]
	at org.springframework.web.servlet.mvc.method.annotation.ServletInvocableHandlerMethod.invokeAndHandle(ServletInvocableHandlerMethod.java:102) ~[spring-webmvc-5.0.9.RELEASE.jar:5.0.9.RELEASE]
	at org.springframework.web.servlet.mvc.method.annotation.RequestMappingHandlerAdapter.invokeHandlerMethod(RequestMappingHandlerAdapter.java:891) ~[spring-webmvc-5.0.9.RELEASE.jar:5.0.9.RELEASE]
	at org.springframework.web.servlet.mvc.method.annotation.RequestMappingHandlerAdapter.handleInternal(RequestMappingHandlerAdapter.java:797) ~[spring-webmvc-5.0.9.RELEASE.jar:5.0.9.RELEASE]
	at org.springframework.web.servlet.mvc.method.AbstractHandlerMethodAdapter.handle(AbstractHandlerMethodAdapter.java:87) ~[spring-webmvc-5.0.9.RELEASE.jar:5.0.9.RELEASE]
	at org.springframework.web.servlet.DispatcherServlet.doDispatch(DispatcherServlet.java:991) ~[spring-webmvc-5.0.9.RELEASE.jar:5.0.9.RELEASE]
	at org.springframework.web.servlet.DispatcherServlet.doService(DispatcherServlet.java:925) ~[spring-webmvc-5.0.9.RELEASE.jar:5.0.9.RELEASE]
	at org.springframework.web.servlet.FrameworkServlet.processRequest(FrameworkServlet.java:974) ~[spring-webmvc-5.0.9.RELEASE.jar:5.0.9.RELEASE]
	at org.springframework.web.servlet.FrameworkServlet.doPost(FrameworkServlet.java:877) ~[spring-webmvc-5.0.9.RELEASE.jar:5.0.9.RELEASE]
	at javax.servlet.http.HttpServlet.service(HttpServlet.java:661) ~[tomcat-embed-core-8.5.34.jar:8.5.34]
	at org.springframework.web.servlet.FrameworkServlet.service(FrameworkServlet.java:851) ~[spring-webmvc-5.0.9.RELEASE.jar:5.0.9.RELEASE]
	at javax.servlet.http.HttpServlet.service(HttpServlet.java:742) ~[tomcat-embed-core-8.5.34.jar:8.5.34]
	at org.apache.catalina.core.ApplicationFilterChain.internalDoFilter(ApplicationFilterChain.java:231) ~[tomcat-embed-core-8.5.34.jar:8.5.34]
	at org.apache.catalina.core.ApplicationFilterChain.doFilter(ApplicationFilterChain.java:166) ~[tomcat-embed-core-8.5.34.jar:8.5.34]
	at org.apache.tomcat.websocket.server.WsFilter.doFilter(WsFilter.java:52) ~[tomcat-embed-websocket-8.5.34.jar:8.5.34]
	at org.apache.catalina.core.ApplicationFilterChain.internalDoFilter(ApplicationFilterChain.java:193) ~[tomcat-embed-core-8.5.34.jar:8.5.34]
	at org.apache.catalina.core.ApplicationFilterChain.doFilter(ApplicationFilterChain.java:166) ~[tomcat-embed-core-8.5.34.jar:8.5.34]
	at org.springframework.web.filter.RequestContextFilter.doFilterInternal(RequestContextFilter.java:99) ~[spring-web-5.0.9.RELEASE.jar:5.0.9.RELEASE]
	at org.springframework.web.filter.OncePerRequestFilter.doFilter(OncePerRequestFilter.java:107) ~[spring-web-5.0.9.RELEASE.jar:5.0.9.RELEASE]
	at org.apache.catalina.core.ApplicationFilterChain.internalDoFilter(ApplicationFilterChain.java:193) ~[tomcat-embed-core-8.5.34.jar:8.5.34]
	at org.apache.catalina.core.ApplicationFilterChain.doFilter(ApplicationFilterChain.java:166) ~[tomcat-embed-core-8.5.34.jar:8.5.34]
	at org.springframework.web.filter.HttpPutFormContentFilter.doFilterInternal(HttpPutFormContentFilter.java:109) ~[spring-web-5.0.9.RELEASE.jar:5.0.9.RELEASE]
	at org.springframework.web.filter.OncePerRequestFilter.doFilter(OncePerRequestFilter.java:107) ~[spring-web-5.0.9.RELEASE.jar:5.0.9.RELEASE]
	at org.apache.catalina.core.ApplicationFilterChain.internalDoFilter(ApplicationFilterChain.java:193) ~[tomcat-embed-core-8.5.34.jar:8.5.34]
	at org.apache.catalina.core.ApplicationFilterChain.doFilter(ApplicationFilterChain.java:166) ~[tomcat-embed-core-8.5.34.jar:8.5.34]
	at org.springframework.web.filter.HiddenHttpMethodFilter.doFilterInternal(HiddenHttpMethodFilter.java:93) ~[spring-web-5.0.9.RELEASE.jar:5.0.9.RELEASE]
	at org.springframework.web.filter.OncePerRequestFilter.doFilter(OncePerRequestFilter.java:107) ~[spring-web-5.0.9.RELEASE.jar:5.0.9.RELEASE]
	at org.apache.catalina.core.ApplicationFilterChain.internalDoFilter(ApplicationFilterChain.java:193) ~[tomcat-embed-core-8.5.34.jar:8.5.34]
	at org.apache.catalina.core.ApplicationFilterChain.doFilter(ApplicationFilterChain.java:166) ~[tomcat-embed-core-8.5.34.jar:8.5.34]
	at org.springframework.web.filter.CharacterEncodingFilter.doFilterInternal(CharacterEncodingFilter.java:200) ~[spring-web-5.0.9.RELEASE.jar:5.0.9.RELEASE]
	at org.springframework.web.filter.OncePerRequestFilter.doFilter(OncePerRequestFilter.java:107) ~[spring-web-5.0.9.RELEASE.jar:5.0.9.RELEASE]
	at org.apache.catalina.core.ApplicationFilterChain.internalDoFilter(ApplicationFilterChain.java:193) ~[tomcat-embed-core-8.5.34.jar:8.5.34]
	at org.apache.catalina.core.ApplicationFilterChain.doFilter(ApplicationFilterChain.java:166) ~[tomcat-embed-core-8.5.34.jar:8.5.34]
	at org.apache.catalina.core.StandardWrapperValve.invoke(StandardWrapperValve.java:198) ~[tomcat-embed-core-8.5.34.jar:8.5.34]
	at org.apache.catalina.core.StandardContextValve.invoke(StandardContextValve.java:96) [tomcat-embed-core-8.5.34.jar:8.5.34]
	at org.apache.catalina.authenticator.AuthenticatorBase.invoke(AuthenticatorBase.java:493) [tomcat-embed-core-8.5.34.jar:8.5.34]
	at org.apache.catalina.core.StandardHostValve.invoke(StandardHostValve.java:140) [tomcat-embed-core-8.5.34.jar:8.5.34]
	at org.apache.catalina.valves.ErrorReportValve.invoke(ErrorReportValve.java:81) [tomcat-embed-core-8.5.34.jar:8.5.34]
	at org.apache.catalina.core.StandardEngineValve.invoke(StandardEngineValve.java:87) [tomcat-embed-core-8.5.34.jar:8.5.34]
	at org.apache.catalina.connector.CoyoteAdapter.service(CoyoteAdapter.java:342) [tomcat-embed-core-8.5.34.jar:8.5.34]
	at org.apache.coyote.http11.Http11Processor.service(Http11Processor.java:800) [tomcat-embed-core-8.5.34.jar:8.5.34]
	at org.apache.coyote.AbstractProcessorLight.process(AbstractProcessorLight.java:66) [tomcat-embed-core-8.5.34.jar:8.5.34]
	at org.apache.coyote.AbstractProtocol$ConnectionHandler.process(AbstractProtocol.java:806) [tomcat-embed-core-8.5.34.jar:8.5.34]
	at org.apache.tomcat.util.net.NioEndpoint$SocketProcessor.doRun(NioEndpoint.java:1498) [tomcat-embed-core-8.5.34.jar:8.5.34]
	at org.apache.tomcat.util.net.SocketProcessorBase.run(SocketProcessorBase.java:49) [tomcat-embed-core-8.5.34.jar:8.5.34]
	at java.util.concurrent.ThreadPoolExecutor.runWorker(ThreadPoolExecutor.java:1149) [na:1.8.0_181]
	at java.util.concurrent.ThreadPoolExecutor$Worker.run(ThreadPoolExecutor.java:624) [na:1.8.0_181]
	at org.apache.tomcat.util.threads.TaskThread$WrappingRunnable.run(TaskThread.java:61) [tomcat-embed-core-8.5.34.jar:8.5.34]
	at java.lang.Thread.run(Thread.java:748) [na:1.8.0_181]

2018-11-08 00:03:50.148  INFO 7388 --- [http-nio-8081-exec-4] com.explordf.service.DaoServer           : Connection properties:
2018-11-08 00:03:50.159  INFO 7388 --- [http-nio-8081-exec-4] com.explordf.service.DaoServer           : Server: stardogServer Env: rdf4jServer
2018-11-08 00:03:50.160  INFO 7388 --- [http-nio-8081-exec-4] com.explordf.service.DaoServer           : Name: http://localhost:5820 Env: http://localhost:8080/rdf4j-server
2018-11-08 00:03:50.160  INFO 7388 --- [http-nio-8081-exec-4] com.explordf.service.DaoServer           : Repo:  Env: test
2018-11-08 00:03:50.161  INFO 7388 --- [http-nio-8081-exec-4] com.explordf.service.DaoServer           : Username:  Env: 
2018-11-08 00:03:50.161  INFO 7388 --- [http-nio-8081-exec-4] com.explordf.service.DaoServer           : Password:  Env: 
2018-11-08 00:03:50.161  INFO 7388 --- [http-nio-8081-exec-4] com.explordf.service.DaoServer           : DaoServer getDao(): stardogServer
2018-11-08 00:22:17.473  INFO 7388 --- [RMI TCP Connection(2)-127.0.0.1] inMXBeanRegistrar$SpringApplicationAdmin : Application shutdown requested.
2018-11-08 00:22:17.487  INFO 7388 --- [RMI TCP Connection(2)-127.0.0.1] ConfigServletWebServerApplicationContext : Closing org.springframework.boot.web.servlet.context.AnnotationConfigServletWebServerApplicationContext@302552ec: startup date [Wed Nov 07 23:36:01 CET 2018]; root of context hierarchy
2018-11-08 00:22:17.504  INFO 7388 --- [RMI TCP Connection(2)-127.0.0.1] o.s.j.e.a.AnnotationMBeanExporter        : Unregistering JMX-exposed beans on shutdown
2018-11-08 00:22:17.504  INFO 7388 --- [RMI TCP Connection(2)-127.0.0.1] com.explordf.service.DaoServer           : Connection properties:
2018-11-08 00:22:17.504  INFO 7388 --- [RMI TCP Connection(2)-127.0.0.1] com.explordf.service.DaoServer           : Server: stardogServer Env: rdf4jServer
2018-11-08 00:22:17.504  INFO 7388 --- [RMI TCP Connection(2)-127.0.0.1] com.explordf.service.DaoServer           : Name: http://localhost:5820 Env: http://localhost:8080/rdf4j-server
2018-11-08 00:22:17.504  INFO 7388 --- [RMI TCP Connection(2)-127.0.0.1] com.explordf.service.DaoServer           : Repo:  Env: test
2018-11-08 00:22:17.504  INFO 7388 --- [RMI TCP Connection(2)-127.0.0.1] com.explordf.service.DaoServer           : Username:  Env: 
2018-11-08 00:22:17.504  INFO 7388 --- [RMI TCP Connection(2)-127.0.0.1] com.explordf.service.DaoServer           : Password:  Env: 
2018-11-08 00:22:25.148  INFO 10408 --- [main] com.explordf.ExploRdfApplication         : Starting ExploRdfApplication on Dienand-PC with PID 10408 (D:\BachelorarbeitDaten\Bachelorarbeit\Implementierung\exploRDF\target\classes started by Andreas in D:\BachelorarbeitDaten\Bachelorarbeit\Implementierung\exploRDF)
2018-11-08 00:22:25.163  INFO 10408 --- [main] com.explordf.ExploRdfApplication         : No active profile set, falling back to default profiles: default
2018-11-08 00:22:25.210  INFO 10408 --- [main] ConfigServletWebServerApplicationContext : Refreshing org.springframework.boot.web.servlet.context.AnnotationConfigServletWebServerApplicationContext@74e52ef6: startup date [Thu Nov 08 00:22:25 CET 2018]; root of context hierarchy
2018-11-08 00:22:25.950  INFO 10408 --- [main] f.a.AutowiredAnnotationBeanPostProcessor : JSR-330 'javax.inject.Inject' annotation found and supported for autowiring
2018-11-08 00:22:26.367  INFO 10408 --- [main] o.s.b.w.embedded.tomcat.TomcatWebServer  : Tomcat initialized with port(s): 8081 (http)
2018-11-08 00:22:26.392  INFO 10408 --- [main] o.apache.catalina.core.StandardService   : Starting service [Tomcat]
2018-11-08 00:22:26.392  INFO 10408 --- [main] org.apache.catalina.core.StandardEngine  : Starting Servlet Engine: Apache Tomcat/8.5.34
2018-11-08 00:22:26.392  INFO 10408 --- [localhost-startStop-1] o.a.catalina.core.AprLifecycleListener   : The APR based Apache Tomcat Native library which allows optimal performance in production environments was not found on the java.library.path: [C:\Program Files\Java\jdk1.8.0_181\bin;C:\WINDOWS\Sun\Java\bin;C:\WINDOWS\system32;C:\WINDOWS;C:/Program Files/Java/jre1.8.0_181/bin/server;C:/Program Files/Java/jre1.8.0_181/bin;C:/Program Files/Java/jre1.8.0_181/lib/amd64;C:\Program Files (x86)\Common Files\Oracle\Java\javapath;C:\Program Files\Microsoft MPI\Bin\;C:\ProgramData\Oracle\Java\javapath;C:\Program Files (x86)\NVIDIA Corporation\PhysX\Common;C:\Program Files (x86)\Intel\iCLS Client\;C:\Program Files\Intel\iCLS Client\;C:\WINDOWS\system32;C:\WINDOWS;C:\WINDOWS\System32\Wbem;C:\WINDOWS\System32\WindowsPowerShell\v1.0\;C:\Program Files (x86)\Intel\OpenCL SDK\3.0\bin\x86;C:\Program Files (x86)\Intel\OpenCL SDK\3.0\bin\x64;C:\Program Files\Intel\Intel(R) Management Engine Components\DAL;C:\Program Files\Intel\Intel(R) Management Engine Components\IPT;C:\Program Files (x86)\Intel\Intel(R) Management Engine Components\DAL;C:\Program Files (x86)\Intel\Intel(R) Management Engine Components\IPT;C:\Program Files\Calibre2\;C:\TDM-GCC-64\bin;C:\Program Files\PostgreSQL\9.5\bin;C:\Program Files\PostgreSQL\9.5\lib;C:\Program Files\MiKTeX 2.9\miktex\bin\x64\;C:\Program Files\Git\cmd;C:\Program Files\doxygen\bin;C:\Program Files\OpenVPN\bin;C:\WINDOWS\System32\OpenSSH\;C:\Program Files\Microsoft SQL Server\130\Tools\Binn\;C:\Users\Andreas\AppData\Local\Programs\Python\Python36-32\Scripts\;C:\Users\Andreas\AppData\Local\Programs\Python\Python36-32\;C:\Users\Andreas\AppData\Local\Microsoft\WindowsApps;;D:\Programme\Visual Studio Code\Microsoft VS Code\bin;D:\Programme\spring-tool-suite-4-4.0.0.RELEASE-e4.9.0-win32.win32.x86_64\sts-4.0.0.RELEASE;;.]
2018-11-08 00:22:26.883  INFO 10408 --- [localhost-startStop-1] o.a.c.c.C.[Tomcat].[localhost].[/]       : Initializing Spring embedded WebApplicationContext
2018-11-08 00:22:26.883  INFO 10408 --- [localhost-startStop-1] o.s.web.context.ContextLoader            : Root WebApplicationContext: initialization completed in 1673 ms
2018-11-08 00:22:27.231  INFO 10408 --- [localhost-startStop-1] o.s.b.w.servlet.ServletRegistrationBean  : Servlet dispatcherServlet mapped to [/]
2018-11-08 00:22:27.253  INFO 10408 --- [localhost-startStop-1] o.s.b.w.servlet.FilterRegistrationBean   : Mapping filter: 'characterEncodingFilter' to: [/*]
2018-11-08 00:22:27.253  INFO 10408 --- [localhost-startStop-1] o.s.b.w.servlet.FilterRegistrationBean   : Mapping filter: 'hiddenHttpMethodFilter' to: [/*]
2018-11-08 00:22:27.253  INFO 10408 --- [localhost-startStop-1] o.s.b.w.servlet.FilterRegistrationBean   : Mapping filter: 'httpPutFormContentFilter' to: [/*]
2018-11-08 00:22:27.253  INFO 10408 --- [localhost-startStop-1] o.s.b.w.servlet.FilterRegistrationBean   : Mapping filter: 'requestContextFilter' to: [/*]
2018-11-08 00:22:27.496  INFO 10408 --- [main] com.explordf.dao.RDF4JDaoImpl            : Repository created.
2018-11-08 00:22:27.557  INFO 10408 --- [main] com.explordf.dao.TestDummyDaoImpl        : TestDummy Repository created.
2018-11-08 00:22:27.575  INFO 10408 --- [main] com.explordf.service.DaoServer           : DaoServer post construct
2018-11-08 00:22:27.575  INFO 10408 --- [main] com.explordf.service.DaoServer           : Autowired daoImpls: 
2018-11-08 00:22:27.575  INFO 10408 --- [main] com.explordf.service.DaoServer           : rdf4jServer, sparqlEndpoint, stardogServer, testDummyServer
2018-11-08 00:22:27.575  INFO 10408 --- [main] com.explordf.service.DaoServer           : Connection properties:
2018-11-08 00:22:27.575  INFO 10408 --- [main] com.explordf.service.DaoServer           : Server: stardogServer Env: stardogServer
2018-11-08 00:22:27.575  INFO 10408 --- [main] com.explordf.service.DaoServer           : Name: http://localhost:5820 Env: http://localhost:5820
2018-11-08 00:22:27.575  INFO 10408 --- [main] com.explordf.service.DaoServer           : Repo:  Env: 
2018-11-08 00:22:27.575  INFO 10408 --- [main] com.explordf.service.DaoServer           : Username:  Env: 
2018-11-08 00:22:27.575  INFO 10408 --- [main] com.explordf.service.DaoServer           : Password:  Env: 
2018-11-08 00:22:27.575  INFO 10408 --- [main] com.explordf.service.DaoServer           : Connection properties:
2018-11-08 00:22:27.575  INFO 10408 --- [main] com.explordf.service.DaoServer           : Server: stardogServer Env: stardogServer
2018-11-08 00:22:27.585  INFO 10408 --- [main] com.explordf.service.DaoServer           : Name: http://localhost:5820 Env: http://localhost:5820
2018-11-08 00:22:27.587  INFO 10408 --- [main] com.explordf.service.DaoServer           : Repo:  Env: 
2018-11-08 00:22:27.587  INFO 10408 --- [main] com.explordf.service.DaoServer           : Username:  Env: 
2018-11-08 00:22:27.587  INFO 10408 --- [main] com.explordf.service.DaoServer           : Password:  Env: 
2018-11-08 00:22:27.597  INFO 10408 --- [main] com.explordf.service.DaoServer           : DaoServer getDao(): stardogServer
2018-11-08 00:22:27.982  INFO 10408 --- [main] o.s.w.s.handler.SimpleUrlHandlerMapping  : Mapped URL path [/**/favicon.ico] onto handler of type [class org.springframework.web.servlet.resource.ResourceHttpRequestHandler]
2018-11-08 00:22:28.589  INFO 10408 --- [main] s.w.s.m.m.a.RequestMappingHandlerAdapter : Looking for @ControllerAdvice: org.springframework.boot.web.servlet.context.AnnotationConfigServletWebServerApplicationContext@74e52ef6: startup date [Thu Nov 08 00:22:25 CET 2018]; root of context hierarchy
2018-11-08 00:22:28.650  INFO 10408 --- [main] s.w.s.m.m.a.RequestMappingHandlerMapping : Mapped "{[/connect],methods=[POST]}" onto public java.lang.String com.explordf.controller.ConnectionController.changeConnection(com.explordf.dto.ConnectionDto)
2018-11-08 00:22:28.650  INFO 10408 --- [main] s.w.s.m.m.a.RequestMappingHandlerMapping : Mapped "{[/getConnectionProps],methods=[GET]}" onto public com.explordf.dto.ConnectionDto com.explordf.controller.ConnectionController.getConnectionProps()
2018-11-08 00:22:28.658  INFO 10408 --- [main] s.w.s.m.m.a.RequestMappingHandlerMapping : Mapped "{[/],methods=[GET]}" onto public java.lang.String com.explordf.controller.PageController.index()
2018-11-08 00:22:28.658  INFO 10408 --- [main] s.w.s.m.m.a.RequestMappingHandlerMapping : Mapped "{[/connect],methods=[GET]}" onto public java.lang.String com.explordf.controller.PageController.connect(org.springframework.ui.Model)
2018-11-08 00:22:28.658  INFO 10408 --- [main] s.w.s.m.m.a.RequestMappingHandlerMapping : Mapped "{[/query],methods=[GET]}" onto public java.lang.String com.explordf.controller.PageController.query()
2018-11-08 00:22:28.658  INFO 10408 --- [main] s.w.s.m.m.a.RequestMappingHandlerMapping : Mapped "{[/help],methods=[GET]}" onto public java.lang.String com.explordf.controller.PageController.help()
2018-11-08 00:22:28.660  INFO 10408 --- [main] s.w.s.m.m.a.RequestMappingHandlerMapping : Mapped "{[/getSubject/**],methods=[GET]}" onto public java.util.List<com.explordf.dto.TripleDto> com.explordf.controller.QueryRestController.getSubject(javax.servlet.http.HttpServletRequest)
2018-11-08 00:22:28.660  INFO 10408 --- [main] s.w.s.m.m.a.RequestMappingHandlerMapping : Mapped "{[/writePredicates],methods=[POST],consumes=[text/plain]}" onto public void com.explordf.controller.QueryRestController.writePredicates(java.lang.String)
2018-11-08 00:22:28.660  INFO 10408 --- [main] s.w.s.m.m.a.RequestMappingHandlerMapping : Mapped "{[/simpleSearch/**/{broaderSearch}],methods=[GET]}" onto public java.util.List<com.explordf.dto.TripleDto> com.explordf.controller.QueryRestController.simpleSearch(javax.servlet.http.HttpServletRequest,char)
2018-11-08 00:22:28.660  INFO 10408 --- [main] s.w.s.m.m.a.RequestMappingHandlerMapping : Mapped "{[/getPredicates],methods=[GET]}" onto public java.util.List<com.explordf.dto.PredicateDto> com.explordf.controller.QueryRestController.getPredicates()
2018-11-08 00:22:28.660  INFO 10408 --- [main] s.w.s.m.m.a.RequestMappingHandlerMapping : Mapped "{[/error]}" onto public org.springframework.http.ResponseEntity<java.util.Map<java.lang.String, java.lang.Object>> org.springframework.boot.autoconfigure.web.servlet.error.BasicErrorController.error(javax.servlet.http.HttpServletRequest)
2018-11-08 00:22:28.660  INFO 10408 --- [main] s.w.s.m.m.a.RequestMappingHandlerMapping : Mapped "{[/error],produces=[text/html]}" onto public org.springframework.web.servlet.ModelAndView org.springframework.boot.autoconfigure.web.servlet.error.BasicErrorController.errorHtml(javax.servlet.http.HttpServletRequest,javax.servlet.http.HttpServletResponse)
2018-11-08 00:22:28.690  INFO 10408 --- [main] o.s.w.s.handler.SimpleUrlHandlerMapping  : Mapped URL path [/webjars/**] onto handler of type [class org.springframework.web.servlet.resource.ResourceHttpRequestHandler]
2018-11-08 00:22:28.690  INFO 10408 --- [main] o.s.w.s.handler.SimpleUrlHandlerMapping  : Mapped URL path [/**] onto handler of type [class org.springframework.web.servlet.resource.ResourceHttpRequestHandler]
2018-11-08 00:22:28.811  INFO 10408 --- [main] o.s.b.a.w.s.WelcomePageHandlerMapping    : Adding welcome page template: index
2018-11-08 00:22:29.402  INFO 10408 --- [main] o.s.j.e.a.AnnotationMBeanExporter        : Registering beans for JMX exposure on startup
2018-11-08 00:22:29.464  INFO 10408 --- [main] o.s.b.w.embedded.tomcat.TomcatWebServer  : Tomcat started on port(s): 8081 (http) with context path ''
2018-11-08 00:22:29.464  INFO 10408 --- [main] com.explordf.ExploRdfApplication         : Started ExploRdfApplication in 4.717 seconds (JVM running for 5.913)
2018-11-08 00:22:41.754  INFO 10408 --- [http-nio-8081-exec-1] o.a.c.c.C.[Tomcat].[localhost].[/]       : Initializing Spring FrameworkServlet 'dispatcherServlet'
2018-11-08 00:22:41.766  INFO 10408 --- [http-nio-8081-exec-1] o.s.web.servlet.DispatcherServlet        : FrameworkServlet 'dispatcherServlet': initialization started
2018-11-08 00:22:41.783  INFO 10408 --- [http-nio-8081-exec-1] o.s.web.servlet.DispatcherServlet        : FrameworkServlet 'dispatcherServlet': initialization completed in 17 ms
2018-11-08 00:29:34.830  INFO 10408 --- [RMI TCP Connection(2)-127.0.0.1] inMXBeanRegistrar$SpringApplicationAdmin : Application shutdown requested.
2018-11-08 00:29:34.844  INFO 10408 --- [RMI TCP Connection(2)-127.0.0.1] ConfigServletWebServerApplicationContext : Closing org.springframework.boot.web.servlet.context.AnnotationConfigServletWebServerApplicationContext@74e52ef6: startup date [Thu Nov 08 00:22:25 CET 2018]; root of context hierarchy
2018-11-08 00:29:34.846  INFO 10408 --- [RMI TCP Connection(2)-127.0.0.1] o.s.j.e.a.AnnotationMBeanExporter        : Unregistering JMX-exposed beans on shutdown
2018-11-08 00:29:34.846  INFO 10408 --- [RMI TCP Connection(2)-127.0.0.1] com.explordf.service.DaoServer           : Connection properties:
2018-11-08 00:29:34.846  INFO 10408 --- [RMI TCP Connection(2)-127.0.0.1] com.explordf.service.DaoServer           : Server: stardogServer Env: stardogServer
2018-11-08 00:29:34.846  INFO 10408 --- [RMI TCP Connection(2)-127.0.0.1] com.explordf.service.DaoServer           : Name: http://localhost:5820 Env: http://localhost:5820
2018-11-08 00:29:34.846  INFO 10408 --- [RMI TCP Connection(2)-127.0.0.1] com.explordf.service.DaoServer           : Repo:  Env: 
2018-11-08 00:29:34.846  INFO 10408 --- [RMI TCP Connection(2)-127.0.0.1] com.explordf.service.DaoServer           : Username:  Env: 
2018-11-08 00:29:34.846  INFO 10408 --- [RMI TCP Connection(2)-127.0.0.1] com.explordf.service.DaoServer           : Password:  Env: 
2018-11-08 00:29:40.766  INFO 14396 --- [main] com.explordf.ExploRdfApplication         : Starting ExploRdfApplication on Dienand-PC with PID 14396 (D:\BachelorarbeitDaten\Bachelorarbeit\Implementierung\exploRDF\target\classes started by Andreas in D:\BachelorarbeitDaten\Bachelorarbeit\Implementierung\exploRDF)
2018-11-08 00:29:40.781  INFO 14396 --- [main] com.explordf.ExploRdfApplication         : No active profile set, falling back to default profiles: default
2018-11-08 00:29:40.812  INFO 14396 --- [main] ConfigServletWebServerApplicationContext : Refreshing org.springframework.boot.web.servlet.context.AnnotationConfigServletWebServerApplicationContext@1c1bbc4e: startup date [Thu Nov 08 00:29:40 CET 2018]; root of context hierarchy
2018-11-08 00:29:41.398  INFO 14396 --- [main] f.a.AutowiredAnnotationBeanPostProcessor : JSR-330 'javax.inject.Inject' annotation found and supported for autowiring
2018-11-08 00:29:41.746  INFO 14396 --- [main] o.s.b.w.embedded.tomcat.TomcatWebServer  : Tomcat initialized with port(s): 8081 (http)
2018-11-08 00:29:41.762  INFO 14396 --- [main] o.apache.catalina.core.StandardService   : Starting service [Tomcat]
2018-11-08 00:29:41.762  INFO 14396 --- [main] org.apache.catalina.core.StandardEngine  : Starting Servlet Engine: Apache Tomcat/8.5.34
2018-11-08 00:29:41.778  INFO 14396 --- [localhost-startStop-1] o.a.catalina.core.AprLifecycleListener   : The APR based Apache Tomcat Native library which allows optimal performance in production environments was not found on the java.library.path: [C:\Program Files\Java\jdk1.8.0_181\bin;C:\WINDOWS\Sun\Java\bin;C:\WINDOWS\system32;C:\WINDOWS;C:/Program Files/Java/jre1.8.0_181/bin/server;C:/Program Files/Java/jre1.8.0_181/bin;C:/Program Files/Java/jre1.8.0_181/lib/amd64;C:\Program Files (x86)\Common Files\Oracle\Java\javapath;C:\Program Files\Microsoft MPI\Bin\;C:\ProgramData\Oracle\Java\javapath;C:\Program Files (x86)\NVIDIA Corporation\PhysX\Common;C:\Program Files (x86)\Intel\iCLS Client\;C:\Program Files\Intel\iCLS Client\;C:\WINDOWS\system32;C:\WINDOWS;C:\WINDOWS\System32\Wbem;C:\WINDOWS\System32\WindowsPowerShell\v1.0\;C:\Program Files (x86)\Intel\OpenCL SDK\3.0\bin\x86;C:\Program Files (x86)\Intel\OpenCL SDK\3.0\bin\x64;C:\Program Files\Intel\Intel(R) Management Engine Components\DAL;C:\Program Files\Intel\Intel(R) Management Engine Components\IPT;C:\Program Files (x86)\Intel\Intel(R) Management Engine Components\DAL;C:\Program Files (x86)\Intel\Intel(R) Management Engine Components\IPT;C:\Program Files\Calibre2\;C:\TDM-GCC-64\bin;C:\Program Files\PostgreSQL\9.5\bin;C:\Program Files\PostgreSQL\9.5\lib;C:\Program Files\MiKTeX 2.9\miktex\bin\x64\;C:\Program Files\Git\cmd;C:\Program Files\doxygen\bin;C:\Program Files\OpenVPN\bin;C:\WINDOWS\System32\OpenSSH\;C:\Program Files\Microsoft SQL Server\130\Tools\Binn\;C:\Users\Andreas\AppData\Local\Programs\Python\Python36-32\Scripts\;C:\Users\Andreas\AppData\Local\Programs\Python\Python36-32\;C:\Users\Andreas\AppData\Local\Microsoft\WindowsApps;;D:\Programme\Visual Studio Code\Microsoft VS Code\bin;D:\Programme\spring-tool-suite-4-4.0.0.RELEASE-e4.9.0-win32.win32.x86_64\sts-4.0.0.RELEASE;;.]
2018-11-08 00:29:41.962  INFO 14396 --- [localhost-startStop-1] o.a.c.c.C.[Tomcat].[localhost].[/]       : Initializing Spring embedded WebApplicationContext
2018-11-08 00:29:41.977  INFO 14396 --- [localhost-startStop-1] o.s.web.context.ContextLoader            : Root WebApplicationContext: initialization completed in 1165 ms
2018-11-08 00:29:42.078  INFO 14396 --- [localhost-startStop-1] o.s.b.w.servlet.ServletRegistrationBean  : Servlet dispatcherServlet mapped to [/]
2018-11-08 00:29:42.084  INFO 14396 --- [localhost-startStop-1] o.s.b.w.servlet.FilterRegistrationBean   : Mapping filter: 'characterEncodingFilter' to: [/*]
2018-11-08 00:29:42.084  INFO 14396 --- [localhost-startStop-1] o.s.b.w.servlet.FilterRegistrationBean   : Mapping filter: 'hiddenHttpMethodFilter' to: [/*]
2018-11-08 00:29:42.084  INFO 14396 --- [localhost-startStop-1] o.s.b.w.servlet.FilterRegistrationBean   : Mapping filter: 'httpPutFormContentFilter' to: [/*]
2018-11-08 00:29:42.084  INFO 14396 --- [localhost-startStop-1] o.s.b.w.servlet.FilterRegistrationBean   : Mapping filter: 'requestContextFilter' to: [/*]
2018-11-08 00:29:42.131  INFO 14396 --- [main] com.explordf.dao.RDF4JDaoImpl            : Repository created.
2018-11-08 00:29:42.147  INFO 14396 --- [main] com.explordf.dao.TestDummyDaoImpl        : TestDummy Repository created.
2018-11-08 00:29:42.147  INFO 14396 --- [main] com.explordf.service.DaoServer           : DaoServer post construct
2018-11-08 00:29:42.147  INFO 14396 --- [main] com.explordf.service.DaoServer           : Autowired daoImpls: 
2018-11-08 00:29:42.147  INFO 14396 --- [main] com.explordf.service.DaoServer           : rdf4jServer, sparqlEndpoint, stardogServer, testDummyServer
2018-11-08 00:29:42.147  INFO 14396 --- [main] com.explordf.service.DaoServer           : Connection properties:
2018-11-08 00:29:42.147  INFO 14396 --- [main] com.explordf.service.DaoServer           : Server: stardogServer Env: stardogServer
2018-11-08 00:29:42.147  INFO 14396 --- [main] com.explordf.service.DaoServer           : Name: http://localhost:5820 Env: http://localhost:5820
2018-11-08 00:29:42.147  INFO 14396 --- [main] com.explordf.service.DaoServer           : Repo:  Env: 
2018-11-08 00:29:42.147  INFO 14396 --- [main] com.explordf.service.DaoServer           : Username:  Env: 
2018-11-08 00:29:42.147  INFO 14396 --- [main] com.explordf.service.DaoServer           : Password:  Env: 
2018-11-08 00:29:42.147  INFO 14396 --- [main] com.explordf.service.DaoServer           : Connection properties:
2018-11-08 00:29:42.147  INFO 14396 --- [main] com.explordf.service.DaoServer           : Server: stardogServer Env: stardogServer
2018-11-08 00:29:42.147  INFO 14396 --- [main] com.explordf.service.DaoServer           : Name: http://localhost:5820 Env: http://localhost:5820
2018-11-08 00:29:42.147  INFO 14396 --- [main] com.explordf.service.DaoServer           : Repo:  Env: 
2018-11-08 00:29:42.147  INFO 14396 --- [main] com.explordf.service.DaoServer           : Username:  Env: 
2018-11-08 00:29:42.147  INFO 14396 --- [main] com.explordf.service.DaoServer           : Password:  Env: 
2018-11-08 00:29:42.147  INFO 14396 --- [main] com.explordf.service.DaoServer           : DaoServer getDao(): stardogServer
2018-11-08 00:29:42.247  INFO 14396 --- [main] o.s.w.s.handler.SimpleUrlHandlerMapping  : Mapped URL path [/**/favicon.ico] onto handler of type [class org.springframework.web.servlet.resource.ResourceHttpRequestHandler]
2018-11-08 00:29:42.463  INFO 14396 --- [main] s.w.s.m.m.a.RequestMappingHandlerAdapter : Looking for @ControllerAdvice: org.springframework.boot.web.servlet.context.AnnotationConfigServletWebServerApplicationContext@1c1bbc4e: startup date [Thu Nov 08 00:29:40 CET 2018]; root of context hierarchy
2018-11-08 00:29:42.501  INFO 14396 --- [main] s.w.s.m.m.a.RequestMappingHandlerMapping : Mapped "{[/connect],methods=[POST]}" onto public java.lang.String com.explordf.controller.ConnectionController.changeConnection(com.explordf.dto.ConnectionDto)
2018-11-08 00:29:42.501  INFO 14396 --- [main] s.w.s.m.m.a.RequestMappingHandlerMapping : Mapped "{[/getConnectionProps],methods=[GET]}" onto public com.explordf.dto.ConnectionDto com.explordf.controller.ConnectionController.getConnectionProps()
2018-11-08 00:29:42.516  INFO 14396 --- [main] s.w.s.m.m.a.RequestMappingHandlerMapping : Mapped "{[/],methods=[GET]}" onto public java.lang.String com.explordf.controller.PageController.index()
2018-11-08 00:29:42.516  INFO 14396 --- [main] s.w.s.m.m.a.RequestMappingHandlerMapping : Mapped "{[/connect],methods=[GET]}" onto public java.lang.String com.explordf.controller.PageController.connect(org.springframework.ui.Model)
2018-11-08 00:29:42.516  INFO 14396 --- [main] s.w.s.m.m.a.RequestMappingHandlerMapping : Mapped "{[/query],methods=[GET]}" onto public java.lang.String com.explordf.controller.PageController.query()
2018-11-08 00:29:42.516  INFO 14396 --- [main] s.w.s.m.m.a.RequestMappingHandlerMapping : Mapped "{[/help],methods=[GET]}" onto public java.lang.String com.explordf.controller.PageController.help()
2018-11-08 00:29:42.516  INFO 14396 --- [main] s.w.s.m.m.a.RequestMappingHandlerMapping : Mapped "{[/getSubject/**],methods=[GET]}" onto public java.util.List<com.explordf.dto.TripleDto> com.explordf.controller.QueryRestController.getSubject(javax.servlet.http.HttpServletRequest)
2018-11-08 00:29:42.516  INFO 14396 --- [main] s.w.s.m.m.a.RequestMappingHandlerMapping : Mapped "{[/writePredicates],methods=[POST],consumes=[text/plain]}" onto public void com.explordf.controller.QueryRestController.writePredicates(java.lang.String)
2018-11-08 00:29:42.516  INFO 14396 --- [main] s.w.s.m.m.a.RequestMappingHandlerMapping : Mapped "{[/simpleSearch/**/{broaderSearch}],methods=[GET]}" onto public java.util.List<com.explordf.dto.TripleDto> com.explordf.controller.QueryRestController.simpleSearch(javax.servlet.http.HttpServletRequest,char)
2018-11-08 00:29:42.516  INFO 14396 --- [main] s.w.s.m.m.a.RequestMappingHandlerMapping : Mapped "{[/getPredicates],methods=[GET]}" onto public java.util.List<com.explordf.dto.PredicateDto> com.explordf.controller.QueryRestController.getPredicates()
2018-11-08 00:29:42.516  INFO 14396 --- [main] s.w.s.m.m.a.RequestMappingHandlerMapping : Mapped "{[/error]}" onto public org.springframework.http.ResponseEntity<java.util.Map<java.lang.String, java.lang.Object>> org.springframework.boot.autoconfigure.web.servlet.error.BasicErrorController.error(javax.servlet.http.HttpServletRequest)
2018-11-08 00:29:42.516  INFO 14396 --- [main] s.w.s.m.m.a.RequestMappingHandlerMapping : Mapped "{[/error],produces=[text/html]}" onto public org.springframework.web.servlet.ModelAndView org.springframework.boot.autoconfigure.web.servlet.error.BasicErrorController.errorHtml(javax.servlet.http.HttpServletRequest,javax.servlet.http.HttpServletResponse)
2018-11-08 00:29:42.564  INFO 14396 --- [main] o.s.w.s.handler.SimpleUrlHandlerMapping  : Mapped URL path [/webjars/**] onto handler of type [class org.springframework.web.servlet.resource.ResourceHttpRequestHandler]
2018-11-08 00:29:42.565  INFO 14396 --- [main] o.s.w.s.handler.SimpleUrlHandlerMapping  : Mapped URL path [/**] onto handler of type [class org.springframework.web.servlet.resource.ResourceHttpRequestHandler]
2018-11-08 00:29:42.917  INFO 14396 --- [main] o.s.b.a.w.s.WelcomePageHandlerMapping    : Adding welcome page template: index
2018-11-08 00:29:44.892  INFO 14396 --- [main] o.s.j.e.a.AnnotationMBeanExporter        : Registering beans for JMX exposure on startup
2018-11-08 00:29:44.992  INFO 14396 --- [main] o.s.b.w.embedded.tomcat.TomcatWebServer  : Tomcat started on port(s): 8081 (http) with context path ''
2018-11-08 00:29:45.007  INFO 14396 --- [main] com.explordf.ExploRdfApplication         : Started ExploRdfApplication in 4.527 seconds (JVM running for 5.699)
2018-11-08 00:29:47.900  INFO 14396 --- [http-nio-8081-exec-1] o.a.c.c.C.[Tomcat].[localhost].[/]       : Initializing Spring FrameworkServlet 'dispatcherServlet'
2018-11-08 00:29:47.912  INFO 14396 --- [http-nio-8081-exec-1] o.s.web.servlet.DispatcherServlet        : FrameworkServlet 'dispatcherServlet': initialization started
2018-11-08 00:29:47.961  INFO 14396 --- [http-nio-8081-exec-1] o.s.web.servlet.DispatcherServlet        : FrameworkServlet 'dispatcherServlet': initialization completed in 49 ms
2018-11-08 00:30:38.604  INFO 14396 --- [RMI TCP Connection(2)-127.0.0.1] inMXBeanRegistrar$SpringApplicationAdmin : Application shutdown requested.
2018-11-08 00:30:38.608  INFO 14396 --- [RMI TCP Connection(2)-127.0.0.1] ConfigServletWebServerApplicationContext : Closing org.springframework.boot.web.servlet.context.AnnotationConfigServletWebServerApplicationContext@1c1bbc4e: startup date [Thu Nov 08 00:29:40 CET 2018]; root of context hierarchy
2018-11-08 00:30:38.609  INFO 14396 --- [RMI TCP Connection(2)-127.0.0.1] o.s.j.e.a.AnnotationMBeanExporter        : Unregistering JMX-exposed beans on shutdown
2018-11-08 00:30:38.609  INFO 14396 --- [RMI TCP Connection(2)-127.0.0.1] com.explordf.service.DaoServer           : Connection properties:
2018-11-08 00:30:38.609  INFO 14396 --- [RMI TCP Connection(2)-127.0.0.1] com.explordf.service.DaoServer           : Server: stardogServer Env: stardogServer
2018-11-08 00:30:38.609  INFO 14396 --- [RMI TCP Connection(2)-127.0.0.1] com.explordf.service.DaoServer           : Name: http://localhost:5820 Env: http://localhost:5820
2018-11-08 00:30:38.609  INFO 14396 --- [RMI TCP Connection(2)-127.0.0.1] com.explordf.service.DaoServer           : Repo:  Env: 
2018-11-08 00:30:38.609  INFO 14396 --- [RMI TCP Connection(2)-127.0.0.1] com.explordf.service.DaoServer           : Username:  Env: 
2018-11-08 00:30:38.609  INFO 14396 --- [RMI TCP Connection(2)-127.0.0.1] com.explordf.service.DaoServer           : Password:  Env: 
2018-11-08 00:30:52.447  INFO 5540 --- [main] com.explordf.ExploRdfApplication         : Starting ExploRdfApplication on Dienand-PC with PID 5540 (D:\BachelorarbeitDaten\Bachelorarbeit\Implementierung\exploRDF\target\classes started by Andreas in D:\BachelorarbeitDaten\Bachelorarbeit\Implementierung\exploRDF)
2018-11-08 00:30:52.463  INFO 5540 --- [main] com.explordf.ExploRdfApplication         : No active profile set, falling back to default profiles: default
2018-11-08 00:30:52.494  INFO 5540 --- [main] ConfigServletWebServerApplicationContext : Refreshing org.springframework.boot.web.servlet.context.AnnotationConfigServletWebServerApplicationContext@ba2f4ec: startup date [Thu Nov 08 00:30:52 CET 2018]; root of context hierarchy
2018-11-08 00:30:53.096  INFO 5540 --- [main] f.a.AutowiredAnnotationBeanPostProcessor : JSR-330 'javax.inject.Inject' annotation found and supported for autowiring
2018-11-08 00:30:53.466  INFO 5540 --- [main] o.s.b.w.embedded.tomcat.TomcatWebServer  : Tomcat initialized with port(s): 8081 (http)
2018-11-08 00:30:53.487  INFO 5540 --- [main] o.apache.catalina.core.StandardService   : Starting service [Tomcat]
2018-11-08 00:30:53.487  INFO 5540 --- [main] org.apache.catalina.core.StandardEngine  : Starting Servlet Engine: Apache Tomcat/8.5.34
2018-11-08 00:30:53.487  INFO 5540 --- [localhost-startStop-1] o.a.catalina.core.AprLifecycleListener   : The APR based Apache Tomcat Native library which allows optimal performance in production environments was not found on the java.library.path: [C:\Program Files\Java\jdk1.8.0_181\bin;C:\WINDOWS\Sun\Java\bin;C:\WINDOWS\system32;C:\WINDOWS;C:/Program Files/Java/jre1.8.0_181/bin/server;C:/Program Files/Java/jre1.8.0_181/bin;C:/Program Files/Java/jre1.8.0_181/lib/amd64;C:\Program Files (x86)\Common Files\Oracle\Java\javapath;C:\Program Files\Microsoft MPI\Bin\;C:\ProgramData\Oracle\Java\javapath;C:\Program Files (x86)\NVIDIA Corporation\PhysX\Common;C:\Program Files (x86)\Intel\iCLS Client\;C:\Program Files\Intel\iCLS Client\;C:\WINDOWS\system32;C:\WINDOWS;C:\WINDOWS\System32\Wbem;C:\WINDOWS\System32\WindowsPowerShell\v1.0\;C:\Program Files (x86)\Intel\OpenCL SDK\3.0\bin\x86;C:\Program Files (x86)\Intel\OpenCL SDK\3.0\bin\x64;C:\Program Files\Intel\Intel(R) Management Engine Components\DAL;C:\Program Files\Intel\Intel(R) Management Engine Components\IPT;C:\Program Files (x86)\Intel\Intel(R) Management Engine Components\DAL;C:\Program Files (x86)\Intel\Intel(R) Management Engine Components\IPT;C:\Program Files\Calibre2\;C:\TDM-GCC-64\bin;C:\Program Files\PostgreSQL\9.5\bin;C:\Program Files\PostgreSQL\9.5\lib;C:\Program Files\MiKTeX 2.9\miktex\bin\x64\;C:\Program Files\Git\cmd;C:\Program Files\doxygen\bin;C:\Program Files\OpenVPN\bin;C:\WINDOWS\System32\OpenSSH\;C:\Program Files\Microsoft SQL Server\130\Tools\Binn\;C:\Users\Andreas\AppData\Local\Programs\Python\Python36-32\Scripts\;C:\Users\Andreas\AppData\Local\Programs\Python\Python36-32\;C:\Users\Andreas\AppData\Local\Microsoft\WindowsApps;;D:\Programme\Visual Studio Code\Microsoft VS Code\bin;D:\Programme\spring-tool-suite-4-4.0.0.RELEASE-e4.9.0-win32.win32.x86_64\sts-4.0.0.RELEASE;;.]
2018-11-08 00:30:53.682  INFO 5540 --- [localhost-startStop-1] o.a.c.c.C.[Tomcat].[localhost].[/]       : Initializing Spring embedded WebApplicationContext
2018-11-08 00:30:53.682  INFO 5540 --- [localhost-startStop-1] o.s.web.context.ContextLoader            : Root WebApplicationContext: initialization completed in 1188 ms
2018-11-08 00:30:53.766  INFO 5540 --- [localhost-startStop-1] o.s.b.w.servlet.ServletRegistrationBean  : Servlet dispatcherServlet mapped to [/]
2018-11-08 00:30:53.766  INFO 5540 --- [localhost-startStop-1] o.s.b.w.servlet.FilterRegistrationBean   : Mapping filter: 'characterEncodingFilter' to: [/*]
2018-11-08 00:30:53.766  INFO 5540 --- [localhost-startStop-1] o.s.b.w.servlet.FilterRegistrationBean   : Mapping filter: 'hiddenHttpMethodFilter' to: [/*]
2018-11-08 00:30:53.766  INFO 5540 --- [localhost-startStop-1] o.s.b.w.servlet.FilterRegistrationBean   : Mapping filter: 'httpPutFormContentFilter' to: [/*]
2018-11-08 00:30:53.766  INFO 5540 --- [localhost-startStop-1] o.s.b.w.servlet.FilterRegistrationBean   : Mapping filter: 'requestContextFilter' to: [/*]
2018-11-08 00:30:53.851  INFO 5540 --- [main] com.explordf.dao.RDF4JDaoImpl            : Repository created.
2018-11-08 00:30:53.867  INFO 5540 --- [main] com.explordf.dao.TestDummyDaoImpl        : TestDummy Repository created.
2018-11-08 00:30:53.867  INFO 5540 --- [main] com.explordf.service.DaoServer           : DaoServer post construct
2018-11-08 00:30:53.867  INFO 5540 --- [main] com.explordf.service.DaoServer           : Autowired daoImpls: 
2018-11-08 00:30:53.867  INFO 5540 --- [main] com.explordf.service.DaoServer           : rdf4jServer, sparqlEndpoint, stardogServer, testDummyServer
2018-11-08 00:30:53.867  INFO 5540 --- [main] com.explordf.service.DaoServer           : Connection properties:
2018-11-08 00:30:53.867  INFO 5540 --- [main] com.explordf.service.DaoServer           : Server: stardogServer Env: stardogServer
2018-11-08 00:30:53.867  INFO 5540 --- [main] com.explordf.service.DaoServer           : Name: http://localhost:5820 Env: http://localhost:5820
2018-11-08 00:30:53.867  INFO 5540 --- [main] com.explordf.service.DaoServer           : Repo:  Env: 
2018-11-08 00:30:53.867  INFO 5540 --- [main] com.explordf.service.DaoServer           : Username:  Env: 
2018-11-08 00:30:53.867  INFO 5540 --- [main] com.explordf.service.DaoServer           : Password:  Env: 
2018-11-08 00:30:53.867  INFO 5540 --- [main] com.explordf.service.DaoServer           : Connection properties:
2018-11-08 00:30:53.882  INFO 5540 --- [main] com.explordf.service.DaoServer           : Server: stardogServer Env: stardogServer
2018-11-08 00:30:53.882  INFO 5540 --- [main] com.explordf.service.DaoServer           : Name: http://localhost:5820 Env: http://localhost:5820
2018-11-08 00:30:53.882  INFO 5540 --- [main] com.explordf.service.DaoServer           : Repo:  Env: 
2018-11-08 00:30:53.882  INFO 5540 --- [main] com.explordf.service.DaoServer           : Username:  Env: 
2018-11-08 00:30:53.882  INFO 5540 --- [main] com.explordf.service.DaoServer           : Password:  Env: 
2018-11-08 00:30:53.882  INFO 5540 --- [main] com.explordf.service.DaoServer           : DaoServer getDao(): stardogServer
2018-11-08 00:30:53.998  INFO 5540 --- [main] o.s.w.s.handler.SimpleUrlHandlerMapping  : Mapped URL path [/**/favicon.ico] onto handler of type [class org.springframework.web.servlet.resource.ResourceHttpRequestHandler]
2018-11-08 00:30:54.268  INFO 5540 --- [main] s.w.s.m.m.a.RequestMappingHandlerAdapter : Looking for @ControllerAdvice: org.springframework.boot.web.servlet.context.AnnotationConfigServletWebServerApplicationContext@ba2f4ec: startup date [Thu Nov 08 00:30:52 CET 2018]; root of context hierarchy
2018-11-08 00:30:54.430  INFO 5540 --- [main] s.w.s.m.m.a.RequestMappingHandlerMapping : Mapped "{[/connect],methods=[POST]}" onto public java.lang.String com.explordf.controller.ConnectionController.changeConnection(com.explordf.dto.ConnectionDto)
2018-11-08 00:30:54.439  INFO 5540 --- [main] s.w.s.m.m.a.RequestMappingHandlerMapping : Mapped "{[/getConnectionProps],methods=[GET]}" onto public com.explordf.dto.ConnectionDto com.explordf.controller.ConnectionController.getConnectionProps()
2018-11-08 00:30:54.447  INFO 5540 --- [main] s.w.s.m.m.a.RequestMappingHandlerMapping : Mapped "{[/],methods=[GET]}" onto public java.lang.String com.explordf.controller.PageController.index()
2018-11-08 00:30:54.449  INFO 5540 --- [main] s.w.s.m.m.a.RequestMappingHandlerMapping : Mapped "{[/connect],methods=[GET]}" onto public java.lang.String com.explordf.controller.PageController.connect(org.springframework.ui.Model)
2018-11-08 00:30:54.449  INFO 5540 --- [main] s.w.s.m.m.a.RequestMappingHandlerMapping : Mapped "{[/query],methods=[GET]}" onto public java.lang.String com.explordf.controller.PageController.query()
2018-11-08 00:30:54.449  INFO 5540 --- [main] s.w.s.m.m.a.RequestMappingHandlerMapping : Mapped "{[/help],methods=[GET]}" onto public java.lang.String com.explordf.controller.PageController.help()
2018-11-08 00:30:54.457  INFO 5540 --- [main] s.w.s.m.m.a.RequestMappingHandlerMapping : Mapped "{[/getSubject/**],methods=[GET]}" onto public java.util.List<com.explordf.dto.TripleDto> com.explordf.controller.QueryRestController.getSubject(javax.servlet.http.HttpServletRequest)
2018-11-08 00:30:54.459  INFO 5540 --- [main] s.w.s.m.m.a.RequestMappingHandlerMapping : Mapped "{[/writePredicates],methods=[POST],consumes=[text/plain]}" onto public void com.explordf.controller.QueryRestController.writePredicates(java.lang.String)
2018-11-08 00:30:54.459  INFO 5540 --- [main] s.w.s.m.m.a.RequestMappingHandlerMapping : Mapped "{[/getPredicates],methods=[GET]}" onto public java.util.List<com.explordf.dto.PredicateDto> com.explordf.controller.QueryRestController.getPredicates()
2018-11-08 00:30:54.459  INFO 5540 --- [main] s.w.s.m.m.a.RequestMappingHandlerMapping : Mapped "{[/simpleSearch/**/{broaderSearch}],methods=[GET]}" onto public java.util.List<com.explordf.dto.TripleDto> com.explordf.controller.QueryRestController.simpleSearch(javax.servlet.http.HttpServletRequest,char)
2018-11-08 00:30:54.469  INFO 5540 --- [main] s.w.s.m.m.a.RequestMappingHandlerMapping : Mapped "{[/error]}" onto public org.springframework.http.ResponseEntity<java.util.Map<java.lang.String, java.lang.Object>> org.springframework.boot.autoconfigure.web.servlet.error.BasicErrorController.error(javax.servlet.http.HttpServletRequest)
2018-11-08 00:30:54.474  INFO 5540 --- [main] s.w.s.m.m.a.RequestMappingHandlerMapping : Mapped "{[/error],produces=[text/html]}" onto public org.springframework.web.servlet.ModelAndView org.springframework.boot.autoconfigure.web.servlet.error.BasicErrorController.errorHtml(javax.servlet.http.HttpServletRequest,javax.servlet.http.HttpServletResponse)
2018-11-08 00:30:54.591  INFO 5540 --- [main] o.s.w.s.handler.SimpleUrlHandlerMapping  : Mapped URL path [/webjars/**] onto handler of type [class org.springframework.web.servlet.resource.ResourceHttpRequestHandler]
2018-11-08 00:30:54.591  INFO 5540 --- [main] o.s.w.s.handler.SimpleUrlHandlerMapping  : Mapped URL path [/**] onto handler of type [class org.springframework.web.servlet.resource.ResourceHttpRequestHandler]
2018-11-08 00:30:55.209  INFO 5540 --- [main] o.s.b.a.w.s.WelcomePageHandlerMapping    : Adding welcome page template: index
2018-11-08 00:30:56.936  INFO 5540 --- [main] o.s.j.e.a.AnnotationMBeanExporter        : Registering beans for JMX exposure on startup
2018-11-08 00:30:56.997  INFO 5540 --- [main] o.s.b.w.embedded.tomcat.TomcatWebServer  : Tomcat started on port(s): 8081 (http) with context path ''
2018-11-08 00:30:56.997  INFO 5540 --- [main] com.explordf.ExploRdfApplication         : Started ExploRdfApplication in 4.85 seconds (JVM running for 5.975)
2018-11-08 00:31:09.964  INFO 5540 --- [http-nio-8081-exec-1] o.a.c.c.C.[Tomcat].[localhost].[/]       : Initializing Spring FrameworkServlet 'dispatcherServlet'
2018-11-08 00:31:09.970  INFO 5540 --- [http-nio-8081-exec-1] o.s.web.servlet.DispatcherServlet        : FrameworkServlet 'dispatcherServlet': initialization started
2018-11-08 00:31:09.987  INFO 5540 --- [http-nio-8081-exec-1] o.s.web.servlet.DispatcherServlet        : FrameworkServlet 'dispatcherServlet': initialization completed in 17 ms
2018-11-08 00:31:26.526  INFO 5540 --- [http-nio-8081-exec-6] com.explordf.service.DaoServer           : Connection properties:
2018-11-08 00:31:26.538  INFO 5540 --- [http-nio-8081-exec-6] com.explordf.service.DaoServer           : Server: stardogServer Env: stardogServer
2018-11-08 00:31:26.538  INFO 5540 --- [http-nio-8081-exec-6] com.explordf.service.DaoServer           : Name: http://localhost:5820 Env: http://localhost:5820
2018-11-08 00:31:26.538  INFO 5540 --- [http-nio-8081-exec-6] com.explordf.service.DaoServer           : Repo:  Env: 
2018-11-08 00:31:26.538  INFO 5540 --- [http-nio-8081-exec-6] com.explordf.service.DaoServer           : Username:  Env: 
2018-11-08 00:31:26.538  INFO 5540 --- [http-nio-8081-exec-6] com.explordf.service.DaoServer           : Password:  Env: 
2018-11-08 00:31:26.538  INFO 5540 --- [http-nio-8081-exec-6] com.explordf.service.DaoServer           : DaoServer getDao(): stardogServer
2018-11-08 00:32:04.201  INFO 5540 --- [http-nio-8081-exec-1] com.explordf.service.DaoServer           : Connection properties:
2018-11-08 00:32:04.202  INFO 5540 --- [http-nio-8081-exec-1] com.explordf.service.DaoServer           : Server: rdf4jServer Env: stardogServer
2018-11-08 00:32:04.202  INFO 5540 --- [http-nio-8081-exec-1] com.explordf.service.DaoServer           : Name: http://localhost:8080/rdf4j-server Env: http://localhost:5820
2018-11-08 00:32:04.202  INFO 5540 --- [http-nio-8081-exec-1] com.explordf.service.DaoServer           : Repo:  Env: 
2018-11-08 00:32:04.203  INFO 5540 --- [http-nio-8081-exec-1] com.explordf.service.DaoServer           : Username:  Env: 
2018-11-08 00:32:04.203  INFO 5540 --- [http-nio-8081-exec-1] com.explordf.service.DaoServer           : Password:  Env: 
2018-11-08 00:32:04.203  INFO 5540 --- [http-nio-8081-exec-1] com.explordf.service.DaoServer           : DaoServer getDao(): rdf4jServer
2018-11-08 00:36:08.402  INFO 5540 --- [http-nio-8081-exec-3] com.explordf.service.DaoServer           : Connection properties:
2018-11-08 00:36:08.407  INFO 5540 --- [http-nio-8081-exec-3] com.explordf.service.DaoServer           : Server: sparqlEndpoint Env: stardogServer
2018-11-08 00:36:08.407  INFO 5540 --- [http-nio-8081-exec-3] com.explordf.service.DaoServer           : Name: http://localhost:5820 Env: http://localhost:5820
2018-11-08 00:36:08.407  INFO 5540 --- [http-nio-8081-exec-3] com.explordf.service.DaoServer           : Repo:  Env: 
2018-11-08 00:36:08.407  INFO 5540 --- [http-nio-8081-exec-3] com.explordf.service.DaoServer           : Username:  Env: 
2018-11-08 00:36:08.407  INFO 5540 --- [http-nio-8081-exec-3] com.explordf.service.DaoServer           : Password:  Env: 
2018-11-08 00:36:08.407  INFO 5540 --- [http-nio-8081-exec-3] com.explordf.service.DaoServer           : DaoServer getDao(): sparqlEndpoint
2018-11-08 00:38:22.152  INFO 5540 --- [RMI TCP Connection(2)-127.0.0.1] inMXBeanRegistrar$SpringApplicationAdmin : Application shutdown requested.
2018-11-08 00:38:22.154  INFO 5540 --- [RMI TCP Connection(2)-127.0.0.1] ConfigServletWebServerApplicationContext : Closing org.springframework.boot.web.servlet.context.AnnotationConfigServletWebServerApplicationContext@ba2f4ec: startup date [Thu Nov 08 00:30:52 CET 2018]; root of context hierarchy
2018-11-08 00:38:22.158  INFO 5540 --- [RMI TCP Connection(2)-127.0.0.1] o.s.j.e.a.AnnotationMBeanExporter        : Unregistering JMX-exposed beans on shutdown
2018-11-08 00:38:22.160  INFO 5540 --- [RMI TCP Connection(2)-127.0.0.1] com.explordf.service.DaoServer           : Connection properties:
2018-11-08 00:38:22.161  INFO 5540 --- [RMI TCP Connection(2)-127.0.0.1] com.explordf.service.DaoServer           : Server: sparqlEndpoint Env: stardogServer
2018-11-08 00:38:22.161  INFO 5540 --- [RMI TCP Connection(2)-127.0.0.1] com.explordf.service.DaoServer           : Name: http://localhost:5820 Env: http://localhost:5820
2018-11-08 00:38:22.161  INFO 5540 --- [RMI TCP Connection(2)-127.0.0.1] com.explordf.service.DaoServer           : Repo:  Env: 
2018-11-08 00:38:22.161  INFO 5540 --- [RMI TCP Connection(2)-127.0.0.1] com.explordf.service.DaoServer           : Username:  Env: 
2018-11-08 00:38:22.162  INFO 5540 --- [RMI TCP Connection(2)-127.0.0.1] com.explordf.service.DaoServer           : Password:  Env: 
